<?xml version="1.0" encoding="UTF-8"?>
<testng-results skipped="0" failed="0" total="1" passed="1">
  <reporter-output>
  </reporter-output>
  <suite name="Default suite" duration-ms="60" started-at="2020-08-24T11:08:21Z" finished-at="2020-08-24T11:08:21Z">
    <groups>
    </groups>
    <test name="Default test" duration-ms="60" started-at="2020-08-24T11:08:21Z" finished-at="2020-08-24T11:08:21Z">
      <class name="cucu.API_Cucumber.testNGClass">
        <test-method status="PASS" signature="test()[pri:0, instance:cucu.API_Cucumber.testNGClass@12e61fe6]" name="test" duration-ms="18" started-at="2020-08-24T16:38:21Z" finished-at="2020-08-24T16:38:21Z">
          <reporter-output>
          </reporter-output>
        </test-method> <!-- test -->
      </class> <!-- cucu.API_Cucumber.testNGClass -->
    </test> <!-- Default test -->
  </suite> <!-- Default suite -->
</testng-results>
